<?xml version="1.0" encoding="UTF-8"?>
<!-- Generated by org.testng.reporters.JUnitReportReporter -->
<testsuite hostname="DESKTOP-RM13H5B" failures="0" tests="1" name="com.orderocks.tests.LoginTest" time="0.089" errors="0" timestamp="2023-02-17T12:19:22 IST" skipped="0">
  <testcase classname="com.orderocks.tests.LoginTest" name="verifyLogin" time="0.089"/>
  <system-out/>
</testsuite> <!-- com.orderocks.tests.LoginTest -->
