<?xml version="1.0" encoding="UTF-8"?>
<!-- Generated by org.testng.reporters.JUnitReportReporter -->
<testsuite hostname="Dhaval" failures="0" tests="1" name="com.orderocks.web.AppTest" time="0.016" errors="0" timestamp="2023-01-28T21:03:29 IST" skipped="0">
  <testcase classname="com.orderocks.web.AppTest" name="show" time="0.016"/>
  <system-out/>
</testsuite> <!-- com.orderocks.web.AppTest -->
