<?xml version="1.0" encoding="UTF-8"?>
<!-- Generated by org.testng.reporters.JUnitReportReporter -->
<testsuite hostname="Dhaval" failures="0" tests="4" name="com.orderocks.web.SmokeTest" time="0.022" errors="0" timestamp="2023-01-28T22:34:58 IST" skipped="0">
  <testcase classname="com.orderocks.web.SmokeTest" name="show" time="0.014"/>
  <system-out/>
  <testcase classname="com.orderocks.web.SmokeTest" name="show3" time="0.003"/>
  <system-out/>
  <testcase classname="com.orderocks.web.SmokeTest" name="show1" time="0.002"/>
  <system-out/>
  <testcase classname="com.orderocks.web.SmokeTest" name="show2" time="0.003"/>
  <system-out/>
</testsuite> <!-- com.orderocks.web.SmokeTest -->
