<?xml version="1.0" encoding="UTF-8"?>
<!-- Generated by org.testng.reporters.JUnitReportReporter -->
<testsuite hostname="Dhaval" failures="0" tests="1" name="com.orderocks.tests.OrderTest" time="37.606" errors="0" timestamp="2023-02-06T03:34:23 IST" skipped="0">
  <testcase classname="com.orderocks.tests.OrderTest" name="verifyCreateAnOder" time="37.606"/>
  <system-out/>
</testsuite> <!-- com.orderocks.tests.OrderTest -->
