<?xml version="1.0" encoding="UTF-8"?>
<!-- Generated by org.testng.reporters.JUnitReportReporter -->
<testsuite hostname="Dhaval" failures="0" tests="2" name="com.orderocks.web.RegressionSuite" time="0.017" errors="0" timestamp="2023-01-28T22:34:46 IST" skipped="0">
  <testcase classname="com.orderocks.web.RegressionSuite" name="show" time="0.014"/>
  <system-out/>
  <testcase classname="com.orderocks.web.RegressionSuite" name="show1" time="0.003"/>
  <system-out/>
</testsuite> <!-- com.orderocks.web.RegressionSuite -->
